<?xml version="1.0" encoding="UTF-8"?>
<testsuite name="com.yogi.testrunner.CucumberRunnerTest" time="0.016" tests="4" errors="0" skipped="1" failures="2">
  <properties>
[...]
</properties>
  <testcase name="Given I goTo dvla vehicle search page" classname="| User_org_sc_01_CA_01 | OrgB_org_sc_01_CA_DS1 |" time="0.002"/>
  <testcase name="When I search vehicle from &quot;User_org_sc_01_CA_01&quot; filetype at &quot;OrgB_org_sc_01_CA_DS1&quot; location" classname="| User_org_sc_01_CA_01 | OrgB_org_sc_01_CA_DS1 |" time="0.007">
    <failure type="java.lang.AssertionError:">java.lang.AssertionError: null
	at org.junit.Assert.fail(Assert.java:86)
	at org.junit.Assert.assertTrue(Assert.java:41)
	at org.junit.Assert.assertTrue(Assert.java:52)
	at com.yogi.stepdef.DvlaRegistrationStepDef.i_search_vehicle_from_filetype_at_location(DvlaRegistrationStepDef.java:31)
	at ✽.When I search vehicle from "User_org_sc_01_CA_01" filetype at "OrgB_org_sc_01_CA_DS1" location(cucumber/DvlaRegistrationSearch.feature:7)
</failure>
  </testcase>
  <testcase name="| User_org_sc_01_CA_01 | OrgB_org_sc_01_CA_DS1 |" classname="| User_org_sc_01_CA_01 | OrgB_org_sc_01_CA_DS1 |" time="0.007">
    <failure type="java.lang.AssertionError:">java.lang.AssertionError: null
	at org.junit.Assert.fail(Assert.java:86)
	at org.junit.Assert.assertTrue(Assert.java:41)
	at org.junit.Assert.assertTrue(Assert.java:52)
	at com.yogi.stepdef.DvlaRegistrationStepDef.i_search_vehicle_from_filetype_at_location(DvlaRegistrationStepDef.java:31)
	at ✽.When I search vehicle from "User_org_sc_01_CA_01" filetype at "OrgB_org_sc_01_CA_DS1" location(cucumber/DvlaRegistrationSearch.feature:7)
</failure>
  </testcase>
  <testcase name="Then vehicle color and modle-make is correct" classname="| User_org_sc_01_CA_01 | OrgB_org_sc_01_CA_DS1 |" time="0">
    <skipped/>
  </testcase>
</testsuite>